
RUN NAME july_18_euler_run1_2

	 Coarsest mesh for demonstration run
	 Sequence of nested meshes used in demo code
MeshHierarchy, 7 levels: 
l=0: 2D -> 2D, 4 cells [2 tria, 2 quad], 11 edges, 8 nodes
l=1: 2D -> 2D, 16 cells [8 tria, 8 quad], 36 edges, 21 nodes
l=2: 2D -> 2D, 64 cells [32 tria, 32 quad], 128 edges, 65 nodes
l=3: 2D -> 2D, 256 cells [128 tria, 128 quad], 480 edges, 225 nodes
l=4: 2D -> 2D, 1024 cells [512 tria, 512 quad], 1856 edges, 833 nodes
l=5: 2D -> 2D, 4096 cells [2048 tria, 2048 quad], 7296 edges, 3201 nodes
l=6: 2D -> 2D, 16384 cells [8192 tria, 8192 quad], 28928 edges, 12545 nodes
Computations on level 0 (#Dir_ed =  8, #Neu_ed = 0, #imp_ed = 0), #dof = 8
Unable to open file 
Trying to write to measurements/july_18_euler_run1_2/4_0.50_40_L2_poly.txt
Trying to write to measurements/july_18_euler_run1_2/4_0.50_40_L2_hybrid.txt
Computations on level 1 (#Dir_ed =  16, #Neu_ed = 0, #imp_ed = 0), #dof = 21
Unable to open file 
Trying to write to measurements/july_18_euler_run1_2/16_0.50_40_L2_poly.txt
Trying to write to measurements/july_18_euler_run1_2/16_0.50_40_L2_hybrid.txt
Computations on level 2 (#Dir_ed =  32, #Neu_ed = 0, #imp_ed = 0), #dof = 65
Unable to open file 
Trying to write to measurements/july_18_euler_run1_2/64_0.50_40_L2_poly.txt
Trying to write to measurements/july_18_euler_run1_2/64_0.50_40_L2_hybrid.txt
Computations on level 3 (#Dir_ed =  64, #Neu_ed = 0, #imp_ed = 0), #dof = 225
Unable to open file 
Trying to write to measurements/july_18_euler_run1_2/256_0.50_40_L2_poly.txt
Trying to write to measurements/july_18_euler_run1_2/256_0.50_40_L2_hybrid.txt
Computations on level 4 (#Dir_ed =  128, #Neu_ed = 0, #imp_ed = 0), #dof = 833
Unable to open file 
Trying to write to measurements/july_18_euler_run1_2/1024_0.50_40_L2_poly.txt
Trying to write to measurements/july_18_euler_run1_2/1024_0.50_40_L2_hybrid.txt
Computations on level 5 (#Dir_ed =  256, #Neu_ed = 0, #imp_ed = 0), #dof = 3201
Unable to open file 
Trying to write to measurements/july_18_euler_run1_2/4096_0.50_40_L2_poly.txt
Trying to write to measurements/july_18_euler_run1_2/4096_0.50_40_L2_hybrid.txt
Computations on level 6 (#Dir_ed =  512, #Neu_ed = 0, #imp_ed = 0), #dof = 12545
Unable to open file 
Trying to write to measurements/july_18_euler_run1_2/16384_0.50_40_L2_poly.txt
Trying to write to measurements/july_18_euler_run1_2/16384_0.50_40_L2_hybrid.txt

HYBRID
N cells           L2 error        H1 error
---------------------------------------------
4         0.0260163       0.342327        
16        0.00657935      0.392554        
64        0.00164728      0.404375        
256       0.00041194      0.407283        
1024      0.000102992     0.408007        
4096      2.57484e-05     0.408188        
16384     6.43713e-06     0.408233        


POLYTOPIC with C_sigma = 40 and C_INV = 0.5
N cells           L2 error        H1 error
---------------------------------------------
4         0.0231593       0.0231593       
16        0.0233633       0.0233633       
64        0.02339         0.02339         
256       0.0234048       0.0234048       
1024      0.0234439       0.0234439       
4096      0.0234668       0.0234668       
16384     0.0234771       0.0234771       
