command: ./projects.dgfem.dirichlet_8 july_18_euler_run1_8 0.5 20 4 8 16 32 64 128 256 512 1024 2048 4096
C_inv: 0.5 and C_sigma: 20


 	 	 Galerkin Matrix: 
    313.131    6.49132    10.0926   -6.79965   -74.2735   -72.8949   -8.80664   -8.80678          0          0          0          0   -79.5285   -9.08887   -72.6372   -6.55366          0          0          0          0          0          0          0          0          0          0          0          0          0          0          0          0
   6.49132    203.842   -6.79965    6.23604    72.7156    71.3541    8.43725    8.43941          0          0          0          0 -0.0768602   -23.4661    1.90299   -21.2055          0          0          0          0          0          0          0          0          0          0          0          0          0          0          0          0
   10.0926   -6.79965    193.256     9.5413   -5.66661   -5.73265   -20.8293   -20.4754          0          0          0          0    72.4578    10.0723    66.0163    7.58856          0          0          0          0          0          0          0          0          0          0          0          0          0          0          0          0
  -6.79965    6.23604     9.5413    95.1931    5.35406     5.4214    20.3553    20.0059          0          0          0          0     2.0965    21.6131   0.116948    19.4496          0          0          0          0          0          0          0          0          0          0          0          0          0          0          0          0
  -74.2735    72.7156   -5.66661    5.35406    286.796    25.6519    49.5603   -8.64206   -58.3828    -22.107   -50.0556   -17.4378    -2.7104    2.28785   -2.25646    1.88696   -65.6501   -51.2164   -24.2012    -16.044          0          0          0          0          0          0          0          0          0          0          0          0
  -72.8949    71.3541   -5.73265     5.4214    25.6519    158.271   -8.64206    38.5539   -3.50432   -9.42554   -1.23847   -7.32146   -2.24721    1.88039    -1.8783    1.55664    52.9945    40.5189    22.0194    14.5847          0          0          0          0          0          0          0          0          0          0          0          0
  -8.80664    8.43725   -20.8293    20.3553    49.5603   -8.64206    167.567    12.4006    49.7152    20.4001    42.2709    16.0657    2.26586    -1.9199    1.86768    -1.5673   -9.09991   -3.20832   -15.2563   -10.0746          0          0          0          0          0          0          0          0          0          0          0          0
  -8.80678    8.43941   -20.4754    20.0059   -8.64206    38.5539    12.4006    70.8317    4.82551    8.81803    2.61224    6.81817    1.86128   -1.56297    1.53982   -1.28008     10.762    5.14088     13.919     9.0741          0          0          0          0          0          0          0          0          0          0          0          0
         0          0          0          0   -58.3828   -3.50432    49.7152    4.82551    231.633    72.5719   -6.65213   -2.92086   -58.8075    57.3054    2.77492   -2.49808   -24.6837   -11.2742    15.1745    5.33268    -27.033    -12.543    -16.191   -5.73141          0          0          0          0   -62.7263   -6.71345   -54.4099   -7.58304
         0          0          0          0    -22.107   -9.42554    20.4001    8.81803    72.5719    112.073   -2.92086    -3.4096   -57.5202    56.0403    2.89038   -2.61459    14.6085    4.98343   -10.1698   -2.66057    16.2917    5.77985    11.0671    2.99574          0          0          0          0   -23.8449   -11.6225   -22.2322   -10.9162
         0          0          0          0   -50.0556   -1.23847    42.2709    2.61224   -6.65213   -2.92086     122.74    34.6272    1.10297  -0.881351   -12.0184    11.6985   -12.1342    -7.6308    5.95997    3.22018    12.7694    8.28411    5.88274    3.30101          0          0          0          0    54.9696    4.24451    47.3918    5.19287
         0          0          0          0   -17.4378   -7.32146    16.0657    6.81817   -2.92086    -3.4096    34.6272    35.8787    1.24489   -1.02368   -11.7665    11.4506    5.59663    2.96169   -3.13734   -1.40082   -5.93234   -3.33356   -3.10757   -1.49096          0          0          0          0    19.4495    9.40746    18.1179    8.80558
  -79.5285 -0.0768602    72.4578     2.0965    -2.7104   -2.24721    2.26586    1.86128   -58.8075   -57.5202    1.10297    1.24489    287.398    17.0326   -5.80109    2.26231          0          0          0          0          0          0          0          0   -82.1249 -0.0601092   -76.0308   -1.74559   -1.01527  -0.822894  -0.862742  -0.692597
  -9.08887   -23.4661    10.0723    21.6131    2.28785    1.88039    -1.9199   -1.56297    57.3054    56.0403  -0.881351   -1.02368    17.0326    167.283    2.26231   -4.22196          0          0          0          0          0          0          0          0   -6.75633   -25.1095   -7.80338   -23.3864    0.85067   0.683558    0.71952   0.571902
  -72.6372    1.90299    66.0163   0.116948   -2.25646    -1.8783    1.86768    1.53982    2.77492    2.89038   -12.0184   -11.7665   -5.80109    2.26231    172.498    8.09612          0          0          0          0          0          0          0          0    76.1639   -1.59582    70.3976  0.0898154   0.864063   0.697109   0.726586    0.57974
  -6.55366   -21.2055    7.58856    19.4496    1.88696    1.55664    -1.5673   -1.28008   -2.49808   -2.61459    11.6985    11.4506    2.26231   -4.22196    8.09612    68.6145          0          0          0          0          0          0          0          0    4.74999    23.1499    5.82409    21.5021  -0.717177  -0.572883  -0.599386  -0.472678
         0          0          0          0   -65.6501    52.9945   -9.09991     10.762   -24.6837    14.6085   -12.1342    5.59663          0          0          0          0    276.507   -73.7132    26.0247     15.046   -26.1574    13.4706   -25.7552    13.2762          0          0          0          0          0          0          0          0
         0          0          0          0   -51.2164    40.5189   -3.20832    5.14088   -11.2742    4.98343    -7.6308    2.96169          0          0          0          0   -73.7132    183.934     15.046    9.87584    13.6316    -9.0451    13.4344   -8.91909          0          0          0          0          0          0          0          0
         0          0          0          0   -24.2012    22.0194   -15.2563     13.919    15.1745   -10.1698    5.95997   -3.13734          0          0          0          0    26.0247     15.046    135.597   -45.2187    25.7503   -13.2482    25.3503   -13.0549          0          0          0          0          0          0          0          0
         0          0          0          0    -16.044    14.5847   -10.0746     9.0741    5.33268   -2.66057    3.22018   -1.40082          0          0          0          0     15.046    9.87584   -45.2187    67.1967   -13.4067    8.89114   -13.2107    8.76585          0          0          0          0          0          0          0          0
         0          0          0          0          0          0          0          0    -27.033    16.2917    12.7694   -5.93234          0          0          0          0   -26.1574    13.6316    25.7503   -13.4067    277.702   -79.8145   -22.1254   -13.1784          0          0          0          0   -64.0517    50.3442     7.9077   -10.0123
         0          0          0          0          0          0          0          0    -12.543    5.77985    8.28411   -3.33356          0          0          0          0    13.4706    -9.0451   -13.2482    8.89114   -79.8145        183   -13.1784   -7.35509          0          0          0          0   -47.7519    36.4864    1.38694   -3.79175
         0          0          0          0          0          0          0          0    -16.191    11.0671    5.88274   -3.10757          0          0          0          0   -25.7552    13.4344    25.3503   -13.2107   -22.1254   -13.1784    134.524   -48.0674          0          0          0          0    24.5227   -21.9224   -14.5779    13.2387
         0          0          0          0          0          0          0          0   -5.73141    2.99574    3.30101   -1.49096          0          0          0          0    13.2762   -8.91909   -13.0549    8.76585   -13.1784   -7.35509   -48.0674    66.4259          0          0          0          0    15.1291   -13.4647   -8.75278    7.81969
         0          0          0          0          0          0          0          0          0          0          0          0   -82.1249   -6.75633    76.1639    4.74999          0          0          0          0          0          0          0          0    312.512    8.88001   -5.94156    2.79655   -72.9674   -70.0653    5.44508      5.873
         0          0          0          0          0          0          0          0          0          0          0          0 -0.0601092   -25.1095   -1.59582    23.1499          0          0          0          0          0          0          0          0    8.88001    196.648    2.79655   -1.71077    69.7123    66.9071    -4.4801   -4.91523
         0          0          0          0          0          0          0          0          0          0          0          0   -76.0308   -7.80338    70.3976    5.82409          0          0          0          0          0          0          0          0   -5.94156    2.79655    197.577    10.4036    4.46957    4.94424   -21.4623   -20.6969
         0          0          0          0          0          0          0          0          0          0          0          0   -1.74559   -23.3864  0.0898154    21.5021          0          0          0          0          0          0          0          0    2.79655   -1.71077    10.4036    93.9336   -3.53756   -4.01819     20.406    19.6639
         0          0          0          0          0          0          0          0   -62.7263   -23.8449    54.9696    19.4495   -1.01527    0.85067   0.864063  -0.717177          0          0          0          0   -64.0517   -47.7519    24.5227    15.1291   -72.9674    69.7123    4.46957   -3.53756    291.651    27.2574   -46.6983     12.415
         0          0          0          0          0          0          0          0   -6.71345   -11.6225    4.24451    9.40746  -0.822894   0.683558   0.697109  -0.572883          0          0          0          0    50.3442    36.4864   -21.9224   -13.4647   -70.0653    66.9071    4.94424   -4.01819    27.2574    152.602     12.415   -36.5722
         0          0          0          0          0          0          0          0   -54.4099   -22.2322    47.3918    18.1179  -0.862742    0.71952   0.726586  -0.599386          0          0          0          0     7.9077    1.38694   -14.5779   -8.75278    5.44508    -4.4801   -21.4623     20.406   -46.6983     12.415    177.088    14.8988
         0          0          0          0          0          0          0          0   -7.58304   -10.9162    5.19287    8.80558  -0.692597   0.571902    0.57974  -0.472678          0          0          0          0   -10.0123   -3.79175    13.2387    7.81969      5.873   -4.91523   -20.6969    19.6639     12.415   -36.5722    14.8988    72.6932



 	 	 RHS Vec: 
     47.2347
    36.8899
  0.0145905
   -8.28179
    10.2844
  0.0799101
    9.37037
  -0.033613
    1.07435
   0.138257
 0.00281512
-0.00384432
    49.7822
    47.4581
  -0.230284
   -0.23037
    71.5195
   -65.2204
   -8.94401
    12.3219
    60.4593
   -58.3229
    16.7665
    -16.242
    30.1262
    28.9056
    9.26987
    8.91479
   0.458555
  0.0659799
  0.0948407
   0.030624



 	 	 SOL Vec: 
    0.458135
 0.00775986
  -0.337846
 0.00400637
   0.506894
 -0.0492001
  -0.392675
  0.0570075
   0.861845
  -0.123025
  0.0336672
-0.00517601
   0.751618
  0.0168768
  0.0243736
  0.0045779
   0.620499
  0.0675173
  -0.473878
  -0.100631
   0.560974
  0.0727345
   0.528561
  0.0966991
   0.376494
  0.0021047
   0.371388
-0.00663988
   0.421151
 -0.0484078
   0.420832
 -0.0539382

